2026-01-23 12:00:54,021 - SFINCS_log_savannah - model_api - INFO - Initializing sfincs model from hydromt_sfincs (v1.2.1).
2026-01-23 12:01:11,927 - SFINCS_log_savannah - geodataframe - INFO - Reading  vector data from ..\model_domain\model_domain_savannah.geojson
2026-01-23 12:01:37,919 - SFINCS_log_savannah - geodataframe - INFO - Reading  vector data from ..\model_domain\model_domain_savannah.geojson
2026-01-23 12:01:43,853 - SFINCS_log_savannah - regulargrid - INFO - 0 gaps outside valid elevation range < 10.0 km2.
2026-01-23 12:01:44,697 - SFINCS_log_savannah - sfincs - INFO - Derive region geometry based on active cells.
2026-01-23 12:01:46,414 - SFINCS_log_savannah - model_api - WARNING - Replacing geom: region
2026-01-23 12:05:48,033 - SFINCS_log_savannah - geodataframe - INFO - Reading  vector data from ..\model_domain\waterlevel_mask_savannah.geojson
2026-01-23 12:05:52,367 - SFINCS_log_savannah - regulargrid - INFO - 0 gaps outside valid elevation range < 10.0 km2.
2026-01-23 12:05:53,258 - SFINCS_log_savannah - sfincs - INFO - Derive region geometry based on active cells.
2026-01-23 12:05:54,912 - SFINCS_log_savannah - model_api - WARNING - Replacing geom: region
2026-01-23 12:07:04,752 - SFINCS_log_savannah - regulargrid - INFO - 0 gaps outside valid elevation range < 10.0 km2.
2026-01-23 12:07:05,274 - SFINCS_log_savannah - sfincs - INFO - Derive region geometry based on active cells.
2026-01-23 12:07:07,110 - SFINCS_log_savannah - model_api - WARNING - Replacing geom: region
2026-01-23 12:08:14,937 - SFINCS_log_savannah - geodataframe - INFO - Reading  vector data from ..\model_domain\waterlevel_mask_savannah.geojson
2026-01-23 12:11:17,647 - SFINCS_log_savannah - geodataframe - INFO - Reading  vector data from ..\model_domain\Savannah_waterlevel_msk_v3.geojson
2026-01-23 12:14:48,485 - SFINCS_log_savannah - geodataframe - INFO - Reading  vector data from ..\model_domain\model_domain_savannah.geojson
2026-01-23 12:14:53,073 - SFINCS_log_savannah - regulargrid - INFO - 0 gaps outside valid elevation range < 10.0 km2.
2026-01-23 12:14:53,702 - SFINCS_log_savannah - sfincs - INFO - Derive region geometry based on active cells.
2026-01-23 12:14:55,422 - SFINCS_log_savannah - model_api - WARNING - Replacing geom: region
2026-01-23 12:15:29,019 - SFINCS_log_savannah - geodataframe - INFO - Reading  vector data from ..\model_domain\Savannah_waterlevel_msk_v3.geojson
2026-01-23 12:25:41,731 - SFINCS_log_savannah - geodataframe - INFO - Reading  vector data from ..\model_domain\Savannah_waterlevel_msk_v3.geojson
2026-01-23 15:56:09,018 - SFINCS_log_savannah - model_api - INFO - Initializing sfincs model from hydromt_sfincs (v1.2.1).
2026-01-23 15:57:35,264 - SFINCS_log_savannah - geodataframe - INFO - Reading  vector data from ..\model_domain\model_domain_savannah.geojson
2026-01-23 16:06:17,269 - SFINCS_log_savannah - model_api - INFO - Initializing sfincs model from hydromt_sfincs (v1.2.1).
2026-01-23 16:06:31,199 - SFINCS_log_savannah - geodataframe - INFO - Reading  vector data from ..\model_domain\model_domain_savannah.geojson
2026-01-23 16:06:59,021 - SFINCS_log_savannah - rasterdataset - INFO - Reading topography_savannah_10m raster data from c:\Users\zarav\.intergrated modelling in hydrology\Assignment_2_Coastal_flood_hazard_assessment-\data\topography_Savannah_10m.tif
2026-01-23 16:06:59,156 - SFINCS_log_savannah - rasterdataset - WARNING - No CRS detected. Hence no zoom levels can be determined.
2026-01-23 16:06:59,257 - SFINCS_log_savannah - io - WARNING - nodata value missing for c:\Users\zarav\.intergrated modelling in hydrology\Assignment_2_Coastal_flood_hazard_assessment-\data\topography_Savannah_10m.tif
2026-01-23 16:06:59,262 - SFINCS_log_savannah - sfincs - WARNING - No data in domain for topography_savannah_10m, skipped.
2026-01-23 16:06:59,272 - SFINCS_log_savannah - rasterdataset - INFO - Reading gebco raster data from c:\Users\zarav\.intergrated modelling in hydrology\Assignment_2_Coastal_flood_hazard_assessment-\data\gebco.tif
2026-01-23 16:06:59,485 - SFINCS_log_savannah - sfincs - WARNING - Interpolate elevation at 430411 cells
2026-01-23 16:08:11,747 - SFINCS_log_savannah - geodataframe - INFO - Reading  vector data from ..\model_domain\model_domain_savannah.geojson
2026-01-23 16:08:11,847 - SFINCS_log_savannah - regulargrid - INFO - 0 gaps outside valid elevation range < 10.0 km2.
2026-01-23 16:08:11,856 - SFINCS_log_savannah - sfincs - INFO - Derive region geometry based on active cells.
2026-01-23 16:08:11,879 - SFINCS_log_savannah - model_api - WARNING - Replacing geom: region
2026-01-23 16:10:01,060 - SFINCS_log_savannah - geodataframe - INFO - Reading  vector data from ..\model_domain\Savannah_waterlevel_msk_v3.geojson
2026-01-23 16:16:47,988 - SFINCS_log_savannah - rasterdataset - INFO - Reading topography_savannah_10m raster data from c:\Users\zarav\.intergrated modelling in hydrology\Assignment_2_Coastal_flood_hazard_assessment-\data\topography_Savannah_10m.tif
2026-01-23 16:16:48,005 - SFINCS_log_savannah - rasterdataset - WARNING - No CRS detected. Hence no zoom levels can be determined.
2026-01-23 16:16:48,018 - SFINCS_log_savannah - io - WARNING - nodata value missing for c:\Users\zarav\.intergrated modelling in hydrology\Assignment_2_Coastal_flood_hazard_assessment-\data\topography_Savannah_10m.tif
2026-01-23 16:16:48,029 - SFINCS_log_savannah - sfincs - WARNING - No data in domain for topography_savannah_10m, skipped.
2026-01-23 16:16:48,041 - SFINCS_log_savannah - rasterdataset - INFO - Reading gebco raster data from c:\Users\zarav\.intergrated modelling in hydrology\Assignment_2_Coastal_flood_hazard_assessment-\data\gebco.tif
2026-01-23 16:18:38,007 - SFINCS_log_savannah - rasterdataset - INFO - Reading topography_savannah_10m raster data from c:\Users\zarav\.intergrated modelling in hydrology\Assignment_2_Coastal_flood_hazard_assessment-\data\topography_Savannah_10m.tif
2026-01-23 16:18:38,014 - SFINCS_log_savannah - rasterdataset - WARNING - No CRS detected. Hence no zoom levels can be determined.
2026-01-23 16:18:38,024 - SFINCS_log_savannah - io - WARNING - nodata value missing for c:\Users\zarav\.intergrated modelling in hydrology\Assignment_2_Coastal_flood_hazard_assessment-\data\topography_Savannah_10m.tif
2026-01-23 16:18:38,031 - SFINCS_log_savannah - sfincs - WARNING - No data in domain for topography_savannah_10m, skipped.
2026-01-23 16:18:38,045 - SFINCS_log_savannah - rasterdataset - INFO - Reading gebco raster data from c:\Users\zarav\.intergrated modelling in hydrology\Assignment_2_Coastal_flood_hazard_assessment-\data\gebco.tif
2026-01-23 16:20:37,567 - SFINCS_log_savannah - rasterdataset - INFO - Reading topography_savannah_10m raster data from c:\Users\zarav\.intergrated modelling in hydrology\Assignment_2_Coastal_flood_hazard_assessment-\data\topography_Savannah_10m.tif
2026-01-23 16:20:37,573 - SFINCS_log_savannah - rasterdataset - WARNING - No CRS detected. Hence no zoom levels can be determined.
2026-01-23 16:20:37,583 - SFINCS_log_savannah - io - WARNING - nodata value missing for c:\Users\zarav\.intergrated modelling in hydrology\Assignment_2_Coastal_flood_hazard_assessment-\data\topography_Savannah_10m.tif
2026-01-23 16:20:37,592 - SFINCS_log_savannah - sfincs - WARNING - No data in domain for topography_savannah_10m, skipped.
2026-01-23 16:20:37,608 - SFINCS_log_savannah - rasterdataset - INFO - Reading gebco raster data from c:\Users\zarav\.intergrated modelling in hydrology\Assignment_2_Coastal_flood_hazard_assessment-\data\gebco.tif
2026-01-23 16:25:01,712 - SFINCS_log_savannah - rasterdataset - INFO - Reading topography_savannah_10m raster data from c:\Users\zarav\.intergrated modelling in hydrology\Assignment_2_Coastal_flood_hazard_assessment-\data\topography_Savannah_10m.tif
2026-01-23 16:25:01,720 - SFINCS_log_savannah - rasterdataset - WARNING - No CRS detected. Hence no zoom levels can be determined.
2026-01-23 16:25:01,728 - SFINCS_log_savannah - io - WARNING - nodata value missing for c:\Users\zarav\.intergrated modelling in hydrology\Assignment_2_Coastal_flood_hazard_assessment-\data\topography_Savannah_10m.tif
2026-01-23 16:25:01,735 - SFINCS_log_savannah - sfincs - WARNING - No data in domain for topography_savannah_10m, skipped.
2026-01-23 16:25:01,754 - SFINCS_log_savannah - rasterdataset - INFO - Reading gebco raster data from c:\Users\zarav\.intergrated modelling in hydrology\Assignment_2_Coastal_flood_hazard_assessment-\data\gebco.tif
2026-01-23 16:25:37,762 - SFINCS_log_savannah - model_api - INFO - Initializing sfincs model from hydromt_sfincs (v1.2.1).
2026-01-23 16:25:41,165 - SFINCS_log_savannah - geodataframe - INFO - Reading  vector data from ..\model_domain\model_domain_savannah.geojson
2026-01-23 16:25:47,681 - SFINCS_log_savannah - rasterdataset - INFO - Reading topography_savannah_10m raster data from c:\Users\zarav\.intergrated modelling in hydrology\Assignment_2_Coastal_flood_hazard_assessment-\data\topography_Savannah_10m.tif
2026-01-23 16:25:47,687 - SFINCS_log_savannah - rasterdataset - WARNING - No CRS detected. Hence no zoom levels can be determined.
2026-01-23 16:25:47,697 - SFINCS_log_savannah - io - WARNING - nodata value missing for c:\Users\zarav\.intergrated modelling in hydrology\Assignment_2_Coastal_flood_hazard_assessment-\data\topography_Savannah_10m.tif
2026-01-23 16:25:47,708 - SFINCS_log_savannah - sfincs - WARNING - No data in domain for topography_savannah_10m, skipped.
2026-01-23 16:25:47,728 - SFINCS_log_savannah - rasterdataset - INFO - Reading gebco raster data from c:\Users\zarav\.intergrated modelling in hydrology\Assignment_2_Coastal_flood_hazard_assessment-\data\gebco.tif
2026-01-23 16:25:47,829 - SFINCS_log_savannah - sfincs - WARNING - Interpolate elevation at 430411 cells
2026-01-23 16:26:01,705 - SFINCS_log_savannah - geodataframe - INFO - Reading  vector data from ..\model_domain\model_domain_savannah.geojson
2026-01-23 16:26:01,778 - SFINCS_log_savannah - regulargrid - INFO - 0 gaps outside valid elevation range < 10.0 km2.
2026-01-23 16:26:01,786 - SFINCS_log_savannah - sfincs - INFO - Derive region geometry based on active cells.
2026-01-23 16:26:01,812 - SFINCS_log_savannah - model_api - WARNING - Replacing geom: region
2026-01-23 16:26:14,697 - SFINCS_log_savannah - geodataframe - INFO - Reading  vector data from ..\model_domain\Savannah_waterlevel_msk_v3.geojson
2026-01-23 16:26:25,467 - SFINCS_log_savannah - rasterdataset - INFO - Reading topography_savannah_10m raster data from c:\Users\zarav\.intergrated modelling in hydrology\Assignment_2_Coastal_flood_hazard_assessment-\data\topography_Savannah_10m.tif
2026-01-23 16:26:25,475 - SFINCS_log_savannah - rasterdataset - WARNING - No CRS detected. Hence no zoom levels can be determined.
2026-01-23 16:26:25,482 - SFINCS_log_savannah - io - WARNING - nodata value missing for c:\Users\zarav\.intergrated modelling in hydrology\Assignment_2_Coastal_flood_hazard_assessment-\data\topography_Savannah_10m.tif
2026-01-23 16:26:25,500 - SFINCS_log_savannah - sfincs - WARNING - No data in domain for topography_savannah_10m, skipped.
2026-01-23 16:26:25,516 - SFINCS_log_savannah - rasterdataset - INFO - Reading gebco raster data from c:\Users\zarav\.intergrated modelling in hydrology\Assignment_2_Coastal_flood_hazard_assessment-\data\gebco.tif
2026-01-23 16:26:25,547 - SFINCS_log_savannah - rasterdataset - INFO - Reading MRLC_landcover raster data from c:\Users\zarav\.intergrated modelling in hydrology\Assignment_2_Coastal_flood_hazard_assessment-\data\MRLC_landcover.tiff
2026-01-23 16:26:25,589 - SFINCS_log_savannah - rasterdataset - WARNING - RasterDataset MRLC_landcover: CRS from data catalog does not match CRS  of data. The original CRS will be used. Please check your catalog.
2026-01-23 16:26:25,773 - SFINCS_log_savannah - dataframe - INFO - Reading MRLC_landcover_mapping csv data from c:\Users\zarav\.intergrated modelling in hydrology\Assignment_2_Coastal_flood_hazard_assessment-\data\MRLC_landcover_mapping.csv
2026-01-23 16:26:25,996 - SFINCS_log_savannah - subgrid - INFO - Number of regular cells in a block : 400
2026-01-23 16:26:25,997 - SFINCS_log_savannah - subgrid - INFO - Number of blocks in n direction    : 2
2026-01-23 16:26:25,997 - SFINCS_log_savannah - subgrid - INFO - Number of blocks in m direction    : 2
2026-01-23 16:26:25,998 - SFINCS_log_savannah - subgrid - INFO - Grid size of flux grid            : dx=100.0, dy=100.0
2026-01-23 16:26:25,999 - SFINCS_log_savannah - subgrid - INFO - Grid size of subgrid pixels       : dx=10.0, dy=10.0
2026-01-23 16:26:26,000 - SFINCS_log_savannah - subgrid - INFO - block 1/4 -- col 0:399 | row 0:399
2026-01-23 16:26:27,637 - SFINCS_log_savannah - subgrid - WARNING - Interpolate elevation data at 7793800 subgrid pixels
2026-01-23 16:30:30,850 - SFINCS_log_savannah - subgrid - WARNING - Fill manning roughness data at 14315 subgrid pixels with default values
